<?xml version="1.0" encoding="UTF-8"?>
<testsuite name="NumbersToWordsTest" tests="2" skipped="0" failures="0" errors="0" timestamp="2016-02-10T00:42:06" hostname="epicodus-64.local" time="0.001">
  <properties/>
  <testcase name="numbersToWords_returnAsWordforNumber_3" classname="NumbersToWordsTest" time="0.001"/>
  <testcase name="numbersToWords_returnAsWordforNumber_22" classname="NumbersToWordsTest" time="0.0"/>
  <system-out><![CDATA[]]></system-out>
  <system-err><![CDATA[]]></system-err>
</testsuite>
