<?xml version="1.0" encoding="UTF-8"?>
<testsuite name="NumbersToWordsTest" tests="1" skipped="0" failures="0" errors="0" timestamp="2016-02-09T23:07:38" hostname="epicodus-64.local" time="0.002">
  <properties/>
  <testcase name="numbersToWords_returnAsWordforNumber_1" classname="NumbersToWordsTest" time="0.002"/>
  <system-out><![CDATA[]]></system-out>
  <system-err><![CDATA[]]></system-err>
</testsuite>
